x64\release\geostat_dcv1.1.cu.obj
x64\release\sort.cu.obj
d:\work\gpu kody\geoštatistika\geostatistical application\geostat_mcsquarexy_v2_1\x64\release\geostat_mc_squarexy_v2_1.exe
d:\work\gpu kody\geoštatistika\geostatistical application\geostat_mcsquarexy_v2_1\x64\release\geostat_mc_squarexy_v2_1.pdb
d:\work\gpu kody\geoštatistika\geostatistical application\geostatistika - double_checkerboard\dc v1.0\x64\release\geostat_double_checkerboard.exe
d:\work\gpu kody\geoštatistika\geostatistical application\geostatistika - double_checkerboard\dc v1.0\x64\release\geostat_double_checkerboard.pdb
d:\work\gpu kody\geoštatistika\geostatistical application\geostatistika - double_checkerboard\dc v1.1 - block specific temps\geostat_mcsquarexy_v2_1\x64\release\geostat_dcv1.1.cu.cache
d:\work\gpu kody\geoštatistika\geostatistical application\geostatistika - double_checkerboard\dc v1.1 - block specific temps\geostat_mcsquarexy_v2_1\x64\release\geostat_double_checkerboard.cu.cache
d:\work\gpu kody\geoštatistika\geostatistical application\geostatistika - double_checkerboard\dc v1.1 - block specific temps\geostat_mcsquarexy_v2_1\x64\release\geostat_mc_squarexy_v2_1.cu.cache
d:\work\gpu kody\geoštatistika\geostatistical application\geostatistika - double_checkerboard\dc v1.1 - block specific temps\geostat_mcsquarexy_v2_1\x64\release\sort.cu.cache
d:\work\gpu kody\geoštatistika\geostatistical application\geostatistika - double_checkerboard\dc v1.1 - block specific temps\geostat_mcsquarexy_v2_1\x64\release\geostat_dcv1.1.cu.obj
d:\work\gpu kody\geoštatistika\geostatistical application\geostatistika - double_checkerboard\dc v1.1 - block specific temps\geostat_mcsquarexy_v2_1\x64\release\geostat_double_checkerboard.cu.obj
d:\work\gpu kody\geoštatistika\geostatistical application\geostatistika - double_checkerboard\dc v1.1 - block specific temps\geostat_mcsquarexy_v2_1\x64\release\geostat_mc_squarexy_v2_1.cu.obj
d:\work\gpu kody\geoštatistika\geostatistical application\geostatistika - double_checkerboard\dc v1.1 - block specific temps\geostat_mcsquarexy_v2_1\x64\release\sort.cu.obj
d:\work\gpu kody\geoštatistika\geostatistical application\geostatistika - double_checkerboard\dc v1.1 - block specific temps\geostat_mcsquarexy_v2_1\x64\release\vc141.pdb
d:\work\gpu kody\geoštatistika\geostatistical application\geostatistika - double_checkerboard\dc v1.1 - block specific temps\x64\release\geostat_dc_block-specific_temps.pdb
d:\work\gpu kody\geoštatistika\geostatistical application\geostatistika - double_checkerboard\dc v1.1 - block specific temps\geostat_mcsquarexy_v2_1\x64\release\geostat_.00d3caa4.tlog\cudacompile.read.1u.tlog
d:\work\gpu kody\geoštatistika\geostatistical application\geostatistika - double_checkerboard\dc v1.1 - block specific temps\geostat_mcsquarexy_v2_1\x64\release\geostat_.00d3caa4.tlog\cudacompile.write.1u.tlog
d:\work\gpu kody\geoštatistika\geostatistical application\geostatistika - double_checkerboard\dc v1.1 - block specific temps\geostat_mcsquarexy_v2_1\x64\release\geostat_.00d3caa4.tlog\link.command.1.tlog
d:\work\gpu kody\geoštatistika\geostatistical application\geostatistika - double_checkerboard\dc v1.1 - block specific temps\geostat_mcsquarexy_v2_1\x64\release\geostat_.00d3caa4.tlog\link.read.1.tlog
d:\work\gpu kody\geoštatistika\geostatistical application\geostatistika - double_checkerboard\dc v1.1 - block specific temps\geostat_mcsquarexy_v2_1\x64\release\geostat_.00d3caa4.tlog\link.write.1.tlog
